[0.011s] Invoking command in '/home/mylovetron/bumperbot_ws/build/bumperbot_cpp_example': DEBUGINFOD_URLS=https://debuginfod.ubuntu.com /usr/bin/cmake --build /home/mylovetron/bumperbot_ws/build/bumperbot_cpp_example -- -j16 -l16
[0.069s] [ 66%] Built target simple_publisher
[0.070s] [ 66%] Built target simple_subscriber
[0.074s] [100%] Built target simple_parameter
[0.196s] Invoked command in '/home/mylovetron/bumperbot_ws/build/bumperbot_cpp_example' returned '0': DEBUGINFOD_URLS=https://debuginfod.ubuntu.com /usr/bin/cmake --build /home/mylovetron/bumperbot_ws/build/bumperbot_cpp_example -- -j16 -l16
[0.204s] Invoking command in '/home/mylovetron/bumperbot_ws/build/bumperbot_cpp_example': DEBUGINFOD_URLS=https://debuginfod.ubuntu.com /usr/bin/cmake --install /home/mylovetron/bumperbot_ws/build/bumperbot_cpp_example
[0.210s] -- Install configuration: ""
[0.210s] -- Up-to-date: /home/mylovetron/bumperbot_ws/install/bumperbot_cpp_example/lib/bumperbot_cpp_example/simple_publisher
[0.210s] -- Up-to-date: /home/mylovetron/bumperbot_ws/install/bumperbot_cpp_example/lib/bumperbot_cpp_example/simple_subscriber
[0.211s] -- Up-to-date: /home/mylovetron/bumperbot_ws/install/bumperbot_cpp_example/lib/bumperbot_cpp_example/simple_parameter
[0.211s] -- Up-to-date: /home/mylovetron/bumperbot_ws/install/bumperbot_cpp_example/share/ament_index/resource_index/package_run_dependencies/bumperbot_cpp_example
[0.211s] -- Up-to-date: /home/mylovetron/bumperbot_ws/install/bumperbot_cpp_example/share/ament_index/resource_index/parent_prefix_path/bumperbot_cpp_example
[0.212s] -- Up-to-date: /home/mylovetron/bumperbot_ws/install/bumperbot_cpp_example/share/bumperbot_cpp_example/environment/ament_prefix_path.sh
[0.212s] -- Up-to-date: /home/mylovetron/bumperbot_ws/install/bumperbot_cpp_example/share/bumperbot_cpp_example/environment/ament_prefix_path.dsv
[0.212s] -- Up-to-date: /home/mylovetron/bumperbot_ws/install/bumperbot_cpp_example/share/bumperbot_cpp_example/environment/path.sh
[0.212s] -- Up-to-date: /home/mylovetron/bumperbot_ws/install/bumperbot_cpp_example/share/bumperbot_cpp_example/environment/path.dsv
[0.212s] -- Up-to-date: /home/mylovetron/bumperbot_ws/install/bumperbot_cpp_example/share/bumperbot_cpp_example/local_setup.bash
[0.212s] -- Up-to-date: /home/mylovetron/bumperbot_ws/install/bumperbot_cpp_example/share/bumperbot_cpp_example/local_setup.sh
[0.212s] -- Up-to-date: /home/mylovetron/bumperbot_ws/install/bumperbot_cpp_example/share/bumperbot_cpp_example/local_setup.zsh
[0.212s] -- Up-to-date: /home/mylovetron/bumperbot_ws/install/bumperbot_cpp_example/share/bumperbot_cpp_example/local_setup.dsv
[0.212s] -- Installing: /home/mylovetron/bumperbot_ws/install/bumperbot_cpp_example/share/bumperbot_cpp_example/package.dsv
[0.212s] -- Up-to-date: /home/mylovetron/bumperbot_ws/install/bumperbot_cpp_example/share/ament_index/resource_index/packages/bumperbot_cpp_example
[0.212s] -- Up-to-date: /home/mylovetron/bumperbot_ws/install/bumperbot_cpp_example/share/bumperbot_cpp_example/cmake/bumperbot_cpp_exampleConfig.cmake
[0.212s] -- Up-to-date: /home/mylovetron/bumperbot_ws/install/bumperbot_cpp_example/share/bumperbot_cpp_example/cmake/bumperbot_cpp_exampleConfig-version.cmake
[0.213s] -- Up-to-date: /home/mylovetron/bumperbot_ws/install/bumperbot_cpp_example/share/bumperbot_cpp_example/package.xml
[0.213s] Invoked command in '/home/mylovetron/bumperbot_ws/build/bumperbot_cpp_example' returned '0': DEBUGINFOD_URLS=https://debuginfod.ubuntu.com /usr/bin/cmake --install /home/mylovetron/bumperbot_ws/build/bumperbot_cpp_example
