[0.043s] Invoking command in '/home/mylovetron/bumperbot_ws/build/bumperbot_description': CMAKE_PREFIX_PATH=${CMAKE_PREFIX_PATH}:/opt/ros/jazzy DEBUGINFOD_URLS=https://debuginfod.ubuntu.com /usr/bin/cmake --build /home/mylovetron/bumperbot_ws/build/bumperbot_description -- -j4 -l4
[0.081s] -- Found ament_cmake: 2.5.2 (/opt/ros/jazzy/share/ament_cmake/cmake)
[0.415s] -- Found ament_lint_auto: 0.17.1 (/opt/ros/jazzy/share/ament_lint_auto/cmake)
[0.525s] -- Added test 'lint_cmake' to check CMake code style
[0.525s] -- Added test 'xmllint' to check XML markup files
[0.525s] -- Configuring done (0.4s)
[0.553s] -- Generating done (0.0s)
[0.556s] -- Build files have been written to: /home/mylovetron/bumperbot_ws/build/bumperbot_description
[0.591s] Invoked command in '/home/mylovetron/bumperbot_ws/build/bumperbot_description' returned '0': CMAKE_PREFIX_PATH=${CMAKE_PREFIX_PATH}:/opt/ros/jazzy DEBUGINFOD_URLS=https://debuginfod.ubuntu.com /usr/bin/cmake --build /home/mylovetron/bumperbot_ws/build/bumperbot_description -- -j4 -l4
[0.593s] Invoking command in '/home/mylovetron/bumperbot_ws/build/bumperbot_description': CMAKE_PREFIX_PATH=${CMAKE_PREFIX_PATH}:/opt/ros/jazzy DEBUGINFOD_URLS=https://debuginfod.ubuntu.com /usr/bin/cmake --install /home/mylovetron/bumperbot_ws/build/bumperbot_description
[0.624s] -- Install configuration: ""
[0.624s] -- Installing: /home/mylovetron/bumperbot_ws/install/bumperbot_description/share/bumperbot_description/meshes
[0.624s] -- Installing: /home/mylovetron/bumperbot_ws/install/bumperbot_description/share/bumperbot_description/meshes/wheel_left_link.STL
[0.624s] -- Installing: /home/mylovetron/bumperbot_ws/install/bumperbot_description/share/bumperbot_description/meshes/caster_rear_link.STL
[0.625s] -- Installing: /home/mylovetron/bumperbot_ws/install/bumperbot_description/share/bumperbot_description/meshes/wheel_right_link.STL
[0.625s] -- Installing: /home/mylovetron/bumperbot_ws/install/bumperbot_description/share/bumperbot_description/meshes/base_link.STL
[0.625s] -- Installing: /home/mylovetron/bumperbot_ws/install/bumperbot_description/share/bumperbot_description/meshes/caster_front_link.STL
[0.626s] -- Installing: /home/mylovetron/bumperbot_ws/install/bumperbot_description/share/bumperbot_description/meshes/imu_link.STL
[0.626s] -- Installing: /home/mylovetron/bumperbot_ws/install/bumperbot_description/share/bumperbot_description/urdf
[0.626s] -- Installing: /home/mylovetron/bumperbot_ws/install/bumperbot_description/share/bumperbot_description/urdf/bumperbot.urdf.xacro
[0.626s] -- Up-to-date: /home/mylovetron/bumperbot_ws/install/bumperbot_description/share/ament_index/resource_index/package_run_dependencies/bumperbot_description
[0.626s] -- Up-to-date: /home/mylovetron/bumperbot_ws/install/bumperbot_description/share/ament_index/resource_index/parent_prefix_path/bumperbot_description
[0.626s] -- Up-to-date: /home/mylovetron/bumperbot_ws/install/bumperbot_description/share/bumperbot_description/environment/ament_prefix_path.sh
[0.626s] -- Up-to-date: /home/mylovetron/bumperbot_ws/install/bumperbot_description/share/bumperbot_description/environment/ament_prefix_path.dsv
[0.626s] -- Up-to-date: /home/mylovetron/bumperbot_ws/install/bumperbot_description/share/bumperbot_description/environment/path.sh
[0.626s] -- Up-to-date: /home/mylovetron/bumperbot_ws/install/bumperbot_description/share/bumperbot_description/environment/path.dsv
[0.626s] -- Up-to-date: /home/mylovetron/bumperbot_ws/install/bumperbot_description/share/bumperbot_description/local_setup.bash
[0.626s] -- Up-to-date: /home/mylovetron/bumperbot_ws/install/bumperbot_description/share/bumperbot_description/local_setup.sh
[0.626s] -- Up-to-date: /home/mylovetron/bumperbot_ws/install/bumperbot_description/share/bumperbot_description/local_setup.zsh
[0.627s] -- Up-to-date: /home/mylovetron/bumperbot_ws/install/bumperbot_description/share/bumperbot_description/local_setup.dsv
[0.627s] -- Up-to-date: /home/mylovetron/bumperbot_ws/install/bumperbot_description/share/bumperbot_description/package.dsv
[0.627s] -- Up-to-date: /home/mylovetron/bumperbot_ws/install/bumperbot_description/share/ament_index/resource_index/packages/bumperbot_description
[0.627s] -- Up-to-date: /home/mylovetron/bumperbot_ws/install/bumperbot_description/share/bumperbot_description/cmake/bumperbot_descriptionConfig.cmake
[0.627s] -- Up-to-date: /home/mylovetron/bumperbot_ws/install/bumperbot_description/share/bumperbot_description/cmake/bumperbot_descriptionConfig-version.cmake
[0.627s] -- Up-to-date: /home/mylovetron/bumperbot_ws/install/bumperbot_description/share/bumperbot_description/package.xml
[0.629s] Invoked command in '/home/mylovetron/bumperbot_ws/build/bumperbot_description' returned '0': CMAKE_PREFIX_PATH=${CMAKE_PREFIX_PATH}:/opt/ros/jazzy DEBUGINFOD_URLS=https://debuginfod.ubuntu.com /usr/bin/cmake --install /home/mylovetron/bumperbot_ws/build/bumperbot_description
