[0.158s] DEBUG:colcon:Command line arguments: ['/usr/bin/colcon', 'build']
[0.158s] DEBUG:colcon:Parsed command line arguments: Namespace(log_base=None, log_level=None, verb_name='build', build_base='build', install_base='install', merge_install=False, symlink_install=False, test_result_base=None, continue_on_error=False, executor='parallel', parallel_workers=4, event_handlers=None, ignore_user_meta=False, metas=['./colcon.meta'], base_paths=['.'], packages_ignore=None, packages_ignore_regex=None, paths=None, packages_up_to=None, packages_up_to_regex=None, packages_above=None, packages_above_and_dependencies=None, packages_above_depth=None, packages_select_by_dep=None, packages_skip_by_dep=None, packages_skip_up_to=None, packages_select_build_failed=False, packages_skip_build_finished=False, packages_select_test_failures=False, packages_skip_test_passed=False, packages_select=None, packages_skip=None, packages_select_regex=None, packages_skip_regex=None, packages_start=None, packages_end=None, allow_overriding=[], cmake_args=None, cmake_target=None, cmake_target_skip_unavailable=False, cmake_clean_cache=False, cmake_clean_first=False, cmake_force_configure=False, ament_cmake_args=None, catkin_cmake_args=None, catkin_skip_building_tests=False, mixin_files=None, mixin=None, verb_parser=<colcon_mixin.mixin.mixin_argument.MixinArgumentDecorator object at 0x713b06e5b9b0>, verb_extension=<colcon_core.verb.build.BuildVerb object at 0x713b06fa3fe0>, main=<bound method BuildVerb.main of <colcon_core.verb.build.BuildVerb object at 0x713b06fa3fe0>>, mixin_verb=('build',))
[0.213s] Level 1:colcon.colcon_core.package_discovery:discover_packages(colcon_meta) check parameters
[0.213s] Level 1:colcon.colcon_core.package_discovery:discover_packages(recursive) check parameters
[0.213s] Level 1:colcon.colcon_core.package_discovery:discover_packages(ignore) check parameters
[0.213s] Level 1:colcon.colcon_core.package_discovery:discover_packages(path) check parameters
[0.213s] Level 1:colcon.colcon_core.package_discovery:discover_packages(colcon_meta) discover
[0.213s] Level 1:colcon.colcon_core.package_discovery:discover_packages(recursive) discover
[0.213s] INFO:colcon.colcon_core.package_discovery:Crawling recursively for packages in '/home/mylovetron/bumperbot_ws'
[0.213s] Level 1:colcon.colcon_core.package_identification:_identify(.) by extensions ['ignore', 'ignore_ament_install']
[0.213s] Level 1:colcon.colcon_core.package_identification:_identify(.) by extension 'ignore'
[0.213s] Level 1:colcon.colcon_core.package_identification:_identify(.) by extension 'ignore_ament_install'
[0.213s] Level 1:colcon.colcon_core.package_identification:_identify(.) by extensions ['colcon_pkg']
[0.213s] Level 1:colcon.colcon_core.package_identification:_identify(.) by extension 'colcon_pkg'
[0.214s] Level 1:colcon.colcon_core.package_identification:_identify(.) by extensions ['colcon_meta']
[0.214s] Level 1:colcon.colcon_core.package_identification:_identify(.) by extension 'colcon_meta'
[0.214s] Level 1:colcon.colcon_core.package_identification:_identify(.) by extensions ['ros']
[0.214s] Level 1:colcon.colcon_core.package_identification:_identify(.) by extension 'ros'
[0.248s] Level 1:colcon.colcon_core.package_identification:_identify(.) by extensions ['cmake', 'python']
[0.248s] Level 1:colcon.colcon_core.package_identification:_identify(.) by extension 'cmake'
[0.248s] Level 1:colcon.colcon_core.package_identification:_identify(.) by extension 'python'
[0.248s] Level 1:colcon.colcon_core.package_identification:_identify(.) by extensions ['python_setup_py']
[0.248s] Level 1:colcon.colcon_core.package_identification:_identify(.) by extension 'python_setup_py'
[0.249s] Level 1:colcon.colcon_core.package_identification:_identify(build) by extensions ['ignore', 'ignore_ament_install']
[0.249s] Level 1:colcon.colcon_core.package_identification:_identify(build) by extension 'ignore'
[0.249s] Level 1:colcon.colcon_core.package_identification:_identify(build) ignored
[0.249s] Level 1:colcon.colcon_core.package_identification:_identify(install) by extensions ['ignore', 'ignore_ament_install']
[0.249s] Level 1:colcon.colcon_core.package_identification:_identify(install) by extension 'ignore'
[0.249s] Level 1:colcon.colcon_core.package_identification:_identify(install) ignored
[0.249s] Level 1:colcon.colcon_core.package_identification:_identify(log) by extensions ['ignore', 'ignore_ament_install']
[0.250s] Level 1:colcon.colcon_core.package_identification:_identify(log) by extension 'ignore'
[0.250s] Level 1:colcon.colcon_core.package_identification:_identify(log) ignored
[0.250s] Level 1:colcon.colcon_core.package_identification:_identify(src) by extensions ['ignore', 'ignore_ament_install']
[0.250s] Level 1:colcon.colcon_core.package_identification:_identify(src) by extension 'ignore'
[0.250s] Level 1:colcon.colcon_core.package_identification:_identify(src) by extension 'ignore_ament_install'
[0.250s] Level 1:colcon.colcon_core.package_identification:_identify(src) by extensions ['colcon_pkg']
[0.250s] Level 1:colcon.colcon_core.package_identification:_identify(src) by extension 'colcon_pkg'
[0.250s] Level 1:colcon.colcon_core.package_identification:_identify(src) by extensions ['colcon_meta']
[0.250s] Level 1:colcon.colcon_core.package_identification:_identify(src) by extension 'colcon_meta'
[0.250s] Level 1:colcon.colcon_core.package_identification:_identify(src) by extensions ['ros']
[0.250s] Level 1:colcon.colcon_core.package_identification:_identify(src) by extension 'ros'
[0.250s] Level 1:colcon.colcon_core.package_identification:_identify(src) by extensions ['cmake', 'python']
[0.250s] Level 1:colcon.colcon_core.package_identification:_identify(src) by extension 'cmake'
[0.250s] Level 1:colcon.colcon_core.package_identification:_identify(src) by extension 'python'
[0.250s] Level 1:colcon.colcon_core.package_identification:_identify(src) by extensions ['python_setup_py']
[0.251s] Level 1:colcon.colcon_core.package_identification:_identify(src) by extension 'python_setup_py'
[0.251s] Level 1:colcon.colcon_core.package_identification:_identify(src/bumperbot_cpp_example) by extensions ['ignore', 'ignore_ament_install']
[0.251s] Level 1:colcon.colcon_core.package_identification:_identify(src/bumperbot_cpp_example) by extension 'ignore'
[0.251s] Level 1:colcon.colcon_core.package_identification:_identify(src/bumperbot_cpp_example) by extension 'ignore_ament_install'
[0.251s] Level 1:colcon.colcon_core.package_identification:_identify(src/bumperbot_cpp_example) by extensions ['colcon_pkg']
[0.251s] Level 1:colcon.colcon_core.package_identification:_identify(src/bumperbot_cpp_example) by extension 'colcon_pkg'
[0.251s] Level 1:colcon.colcon_core.package_identification:_identify(src/bumperbot_cpp_example) by extensions ['colcon_meta']
[0.251s] Level 1:colcon.colcon_core.package_identification:_identify(src/bumperbot_cpp_example) by extension 'colcon_meta'
[0.251s] Level 1:colcon.colcon_core.package_identification:_identify(src/bumperbot_cpp_example) by extensions ['ros']
[0.251s] Level 1:colcon.colcon_core.package_identification:_identify(src/bumperbot_cpp_example) by extension 'ros'
[0.254s] DEBUG:colcon.colcon_core.package_identification:Package 'src/bumperbot_cpp_example' with type 'ros.ament_cmake' and name 'bumperbot_cpp_example'
[0.254s] Level 1:colcon.colcon_core.package_identification:_identify(src/bumperbot_py_example) by extensions ['ignore', 'ignore_ament_install']
[0.255s] Level 1:colcon.colcon_core.package_identification:_identify(src/bumperbot_py_example) by extension 'ignore'
[0.255s] Level 1:colcon.colcon_core.package_identification:_identify(src/bumperbot_py_example) by extension 'ignore_ament_install'
[0.255s] Level 1:colcon.colcon_core.package_identification:_identify(src/bumperbot_py_example) by extensions ['colcon_pkg']
[0.255s] Level 1:colcon.colcon_core.package_identification:_identify(src/bumperbot_py_example) by extension 'colcon_pkg'
[0.255s] Level 1:colcon.colcon_core.package_identification:_identify(src/bumperbot_py_example) by extensions ['colcon_meta']
[0.255s] Level 1:colcon.colcon_core.package_identification:_identify(src/bumperbot_py_example) by extension 'colcon_meta'
[0.255s] Level 1:colcon.colcon_core.package_identification:_identify(src/bumperbot_py_example) by extensions ['ros']
[0.255s] Level 1:colcon.colcon_core.package_identification:_identify(src/bumperbot_py_example) by extension 'ros'
[0.255s] DEBUG:colcon.colcon_core.package_identification:Package 'src/bumperbot_py_example' with type 'ros.ament_python' and name 'bumperbot_py_example'
[0.256s] Level 1:colcon.colcon_core.package_discovery:discover_packages(recursive) using defaults
[0.256s] Level 1:colcon.colcon_core.package_discovery:discover_packages(ignore) discover
[0.256s] Level 1:colcon.colcon_core.package_discovery:discover_packages(ignore) using defaults
[0.256s] Level 1:colcon.colcon_core.package_discovery:discover_packages(path) discover
[0.256s] Level 1:colcon.colcon_core.package_discovery:discover_packages(path) using defaults
[0.279s] Level 1:colcon.colcon_core.package_discovery:discover_packages(prefix_path) check parameters
[0.279s] Level 1:colcon.colcon_core.package_discovery:discover_packages(prefix_path) discover
[0.281s] DEBUG:colcon.colcon_installed_package_information.package_discovery:Found 2 installed packages in /home/mylovetron/bumperbot_ws/install
[0.283s] DEBUG:colcon.colcon_installed_package_information.package_discovery:Found 366 installed packages in /opt/ros/jazzy
[0.285s] Level 1:colcon.colcon_core.package_discovery:discover_packages(prefix_path) using defaults
[0.358s] Level 5:colcon.colcon_core.verb:set package 'bumperbot_cpp_example' build argument 'cmake_args' from command line to 'None'
[0.358s] Level 5:colcon.colcon_core.verb:set package 'bumperbot_cpp_example' build argument 'cmake_target' from command line to 'None'
[0.359s] Level 5:colcon.colcon_core.verb:set package 'bumperbot_cpp_example' build argument 'cmake_target_skip_unavailable' from command line to 'False'
[0.359s] Level 5:colcon.colcon_core.verb:set package 'bumperbot_cpp_example' build argument 'cmake_clean_cache' from command line to 'False'
[0.359s] Level 5:colcon.colcon_core.verb:set package 'bumperbot_cpp_example' build argument 'cmake_clean_first' from command line to 'False'
[0.359s] Level 5:colcon.colcon_core.verb:set package 'bumperbot_cpp_example' build argument 'cmake_force_configure' from command line to 'False'
[0.359s] Level 5:colcon.colcon_core.verb:set package 'bumperbot_cpp_example' build argument 'ament_cmake_args' from command line to 'None'
[0.359s] Level 5:colcon.colcon_core.verb:set package 'bumperbot_cpp_example' build argument 'catkin_cmake_args' from command line to 'None'
[0.359s] Level 5:colcon.colcon_core.verb:set package 'bumperbot_cpp_example' build argument 'catkin_skip_building_tests' from command line to 'False'
[0.359s] DEBUG:colcon.colcon_core.verb:Building package 'bumperbot_cpp_example' with the following arguments: {'ament_cmake_args': None, 'build_base': '/home/mylovetron/bumperbot_ws/build/bumperbot_cpp_example', 'catkin_cmake_args': None, 'catkin_skip_building_tests': False, 'cmake_args': None, 'cmake_clean_cache': False, 'cmake_clean_first': False, 'cmake_force_configure': False, 'cmake_target': None, 'cmake_target_skip_unavailable': False, 'install_base': '/home/mylovetron/bumperbot_ws/install/bumperbot_cpp_example', 'merge_install': False, 'path': '/home/mylovetron/bumperbot_ws/src/bumperbot_cpp_example', 'symlink_install': False, 'test_result_base': None}
[0.359s] Level 5:colcon.colcon_core.verb:set package 'bumperbot_py_example' build argument 'cmake_args' from command line to 'None'
[0.359s] Level 5:colcon.colcon_core.verb:set package 'bumperbot_py_example' build argument 'cmake_target' from command line to 'None'
[0.359s] Level 5:colcon.colcon_core.verb:set package 'bumperbot_py_example' build argument 'cmake_target_skip_unavailable' from command line to 'False'
[0.359s] Level 5:colcon.colcon_core.verb:set package 'bumperbot_py_example' build argument 'cmake_clean_cache' from command line to 'False'
[0.359s] Level 5:colcon.colcon_core.verb:set package 'bumperbot_py_example' build argument 'cmake_clean_first' from command line to 'False'
[0.359s] Level 5:colcon.colcon_core.verb:set package 'bumperbot_py_example' build argument 'cmake_force_configure' from command line to 'False'
[0.359s] Level 5:colcon.colcon_core.verb:set package 'bumperbot_py_example' build argument 'ament_cmake_args' from command line to 'None'
[0.359s] Level 5:colcon.colcon_core.verb:set package 'bumperbot_py_example' build argument 'catkin_cmake_args' from command line to 'None'
[0.359s] Level 5:colcon.colcon_core.verb:set package 'bumperbot_py_example' build argument 'catkin_skip_building_tests' from command line to 'False'
[0.359s] DEBUG:colcon.colcon_core.verb:Building package 'bumperbot_py_example' with the following arguments: {'ament_cmake_args': None, 'build_base': '/home/mylovetron/bumperbot_ws/build/bumperbot_py_example', 'catkin_cmake_args': None, 'catkin_skip_building_tests': False, 'cmake_args': None, 'cmake_clean_cache': False, 'cmake_clean_first': False, 'cmake_force_configure': False, 'cmake_target': None, 'cmake_target_skip_unavailable': False, 'install_base': '/home/mylovetron/bumperbot_ws/install/bumperbot_py_example', 'merge_install': False, 'path': '/home/mylovetron/bumperbot_ws/src/bumperbot_py_example', 'symlink_install': False, 'test_result_base': None}
[0.360s] INFO:colcon.colcon_core.executor:Executing jobs using 'parallel' executor
[0.361s] DEBUG:colcon.colcon_parallel_executor.executor.parallel:run_until_complete
[0.362s] INFO:colcon.colcon_ros.task.ament_cmake.build:Building ROS package in '/home/mylovetron/bumperbot_ws/src/bumperbot_cpp_example' with build type 'ament_cmake'
[0.362s] INFO:colcon.colcon_cmake.task.cmake.build:Building CMake package in '/home/mylovetron/bumperbot_ws/src/bumperbot_cpp_example'
[0.365s] INFO:colcon.colcon_core.plugin_system:Skipping extension 'colcon_core.shell.bat': Not used on non-Windows systems
[0.365s] INFO:colcon.colcon_core.shell:Skip shell extension 'powershell' for command environment: Not usable outside of PowerShell
[0.365s] DEBUG:colcon.colcon_core.shell:Skip shell extension 'dsv' for command environment
[0.373s] INFO:colcon.colcon_ros.task.ament_python.build:Building ROS package in '/home/mylovetron/bumperbot_ws/src/bumperbot_py_example' with build type 'ament_python'
[0.373s] Level 1:colcon.colcon_core.shell:create_environment_hook('bumperbot_py_example', 'ament_prefix_path')
[0.373s] INFO:colcon.colcon_core.shell:Creating environment hook '/home/mylovetron/bumperbot_ws/install/bumperbot_py_example/share/bumperbot_py_example/hook/ament_prefix_path.ps1'
[0.375s] INFO:colcon.colcon_core.shell:Creating environment descriptor '/home/mylovetron/bumperbot_ws/install/bumperbot_py_example/share/bumperbot_py_example/hook/ament_prefix_path.dsv'
[0.377s] INFO:colcon.colcon_core.shell:Creating environment hook '/home/mylovetron/bumperbot_ws/install/bumperbot_py_example/share/bumperbot_py_example/hook/ament_prefix_path.sh'
[0.378s] INFO:colcon.colcon_core.shell:Skip shell extension 'powershell' for command environment: Not usable outside of PowerShell
[0.378s] DEBUG:colcon.colcon_core.shell:Skip shell extension 'dsv' for command environment
[0.414s] DEBUG:colcon.colcon_core.event_handler.log_command:Invoking command in '/home/mylovetron/bumperbot_ws/build/bumperbot_cpp_example': CMAKE_PREFIX_PATH=${CMAKE_PREFIX_PATH}:/home/mylovetron/bumperbot_ws/install/bumperbot_py_example:/opt/ros/jazzy DEBUGINFOD_URLS=https://debuginfod.ubuntu.com /usr/bin/cmake --build /home/mylovetron/bumperbot_ws/build/bumperbot_cpp_example -- -j4 -l4
[0.748s] INFO:colcon.colcon_core.task.python.build:Building Python package in '/home/mylovetron/bumperbot_ws/src/bumperbot_py_example'
[0.748s] INFO:colcon.colcon_core.shell:Skip shell extension 'powershell' for command environment: Not usable outside of PowerShell
[0.748s] DEBUG:colcon.colcon_core.shell:Skip shell extension 'dsv' for command environment
[0.755s] DEBUG:colcon.colcon_core.event_handler.log_command:Invoked command in '/home/mylovetron/bumperbot_ws/build/bumperbot_cpp_example' returned '0': CMAKE_PREFIX_PATH=${CMAKE_PREFIX_PATH}:/home/mylovetron/bumperbot_ws/install/bumperbot_py_example:/opt/ros/jazzy DEBUGINFOD_URLS=https://debuginfod.ubuntu.com /usr/bin/cmake --build /home/mylovetron/bumperbot_ws/build/bumperbot_cpp_example -- -j4 -l4
[0.776s] DEBUG:colcon.colcon_core.event_handler.log_command:Invoking command in '/home/mylovetron/bumperbot_ws/build/bumperbot_cpp_example': CMAKE_PREFIX_PATH=${CMAKE_PREFIX_PATH}:/home/mylovetron/bumperbot_ws/install/bumperbot_py_example:/opt/ros/jazzy DEBUGINFOD_URLS=https://debuginfod.ubuntu.com /usr/bin/cmake --install /home/mylovetron/bumperbot_ws/build/bumperbot_cpp_example
[0.808s] Level 1:colcon.colcon_core.environment:create_environment_scripts_only(bumperbot_cpp_example)
[0.809s] DEBUG:colcon.colcon_core.event_handler.log_command:Invoked command in '/home/mylovetron/bumperbot_ws/build/bumperbot_cpp_example' returned '0': CMAKE_PREFIX_PATH=${CMAKE_PREFIX_PATH}:/home/mylovetron/bumperbot_ws/install/bumperbot_py_example:/opt/ros/jazzy DEBUGINFOD_URLS=https://debuginfod.ubuntu.com /usr/bin/cmake --install /home/mylovetron/bumperbot_ws/build/bumperbot_cpp_example
[0.812s] Level 1:colcon.colcon_core.environment:checking '/home/mylovetron/bumperbot_ws/install/bumperbot_cpp_example' for CMake module files
[0.813s] Level 1:colcon.colcon_core.environment:checking '/home/mylovetron/bumperbot_ws/install/bumperbot_cpp_example' for CMake config files
[0.813s] Level 1:colcon.colcon_core.shell:create_environment_hook('bumperbot_cpp_example', 'cmake_prefix_path')
[0.813s] INFO:colcon.colcon_core.shell:Creating environment hook '/home/mylovetron/bumperbot_ws/install/bumperbot_cpp_example/share/bumperbot_cpp_example/hook/cmake_prefix_path.ps1'
[0.814s] INFO:colcon.colcon_core.shell:Creating environment descriptor '/home/mylovetron/bumperbot_ws/install/bumperbot_cpp_example/share/bumperbot_cpp_example/hook/cmake_prefix_path.dsv'
[0.816s] INFO:colcon.colcon_core.shell:Creating environment hook '/home/mylovetron/bumperbot_ws/install/bumperbot_cpp_example/share/bumperbot_cpp_example/hook/cmake_prefix_path.sh'
[0.817s] Level 1:colcon.colcon_core.environment:checking '/home/mylovetron/bumperbot_ws/install/bumperbot_cpp_example/lib'
[0.817s] Level 1:colcon.colcon_core.environment:checking '/home/mylovetron/bumperbot_ws/install/bumperbot_cpp_example/bin'
[0.818s] Level 1:colcon.colcon_core.environment:checking '/home/mylovetron/bumperbot_ws/install/bumperbot_cpp_example/lib/pkgconfig/bumperbot_cpp_example.pc'
[0.818s] Level 1:colcon.colcon_core.environment:checking '/home/mylovetron/bumperbot_ws/install/bumperbot_cpp_example/lib/python3.12/site-packages'
[0.818s] Level 1:colcon.colcon_core.environment:checking '/home/mylovetron/bumperbot_ws/install/bumperbot_cpp_example/bin'
[0.818s] INFO:colcon.colcon_core.shell:Creating package script '/home/mylovetron/bumperbot_ws/install/bumperbot_cpp_example/share/bumperbot_cpp_example/package.ps1'
[0.820s] INFO:colcon.colcon_core.shell:Creating package descriptor '/home/mylovetron/bumperbot_ws/install/bumperbot_cpp_example/share/bumperbot_cpp_example/package.dsv'
[0.821s] INFO:colcon.colcon_core.shell:Creating package script '/home/mylovetron/bumperbot_ws/install/bumperbot_cpp_example/share/bumperbot_cpp_example/package.sh'
[0.822s] INFO:colcon.colcon_core.shell:Creating package script '/home/mylovetron/bumperbot_ws/install/bumperbot_cpp_example/share/bumperbot_cpp_example/package.bash'
[0.825s] INFO:colcon.colcon_core.shell:Creating package script '/home/mylovetron/bumperbot_ws/install/bumperbot_cpp_example/share/bumperbot_cpp_example/package.zsh'
[0.826s] Level 1:colcon.colcon_core.environment:create_file_with_runtime_dependencies(/home/mylovetron/bumperbot_ws/install/bumperbot_cpp_example/share/colcon-core/packages/bumperbot_cpp_example)
[0.827s] Level 1:colcon.colcon_core.environment:create_environment_scripts_only(bumperbot_cpp_example)
[0.827s] Level 1:colcon.colcon_core.environment:checking '/home/mylovetron/bumperbot_ws/install/bumperbot_cpp_example' for CMake module files
[0.828s] Level 1:colcon.colcon_core.environment:checking '/home/mylovetron/bumperbot_ws/install/bumperbot_cpp_example' for CMake config files
[0.828s] Level 1:colcon.colcon_core.shell:create_environment_hook('bumperbot_cpp_example', 'cmake_prefix_path')
[0.829s] INFO:colcon.colcon_core.shell:Creating environment hook '/home/mylovetron/bumperbot_ws/install/bumperbot_cpp_example/share/bumperbot_cpp_example/hook/cmake_prefix_path.ps1'
[0.830s] INFO:colcon.colcon_core.shell:Creating environment descriptor '/home/mylovetron/bumperbot_ws/install/bumperbot_cpp_example/share/bumperbot_cpp_example/hook/cmake_prefix_path.dsv'
[0.831s] INFO:colcon.colcon_core.shell:Creating environment hook '/home/mylovetron/bumperbot_ws/install/bumperbot_cpp_example/share/bumperbot_cpp_example/hook/cmake_prefix_path.sh'
[0.832s] Level 1:colcon.colcon_core.environment:checking '/home/mylovetron/bumperbot_ws/install/bumperbot_cpp_example/lib'
[0.832s] Level 1:colcon.colcon_core.environment:checking '/home/mylovetron/bumperbot_ws/install/bumperbot_cpp_example/bin'
[0.832s] Level 1:colcon.colcon_core.environment:checking '/home/mylovetron/bumperbot_ws/install/bumperbot_cpp_example/lib/pkgconfig/bumperbot_cpp_example.pc'
[0.833s] Level 1:colcon.colcon_core.environment:checking '/home/mylovetron/bumperbot_ws/install/bumperbot_cpp_example/lib/python3.12/site-packages'
[0.833s] Level 1:colcon.colcon_core.environment:checking '/home/mylovetron/bumperbot_ws/install/bumperbot_cpp_example/bin'
[0.833s] INFO:colcon.colcon_core.shell:Creating package script '/home/mylovetron/bumperbot_ws/install/bumperbot_cpp_example/share/bumperbot_cpp_example/package.ps1'
[0.834s] INFO:colcon.colcon_core.shell:Creating package descriptor '/home/mylovetron/bumperbot_ws/install/bumperbot_cpp_example/share/bumperbot_cpp_example/package.dsv'
[0.836s] INFO:colcon.colcon_core.shell:Creating package script '/home/mylovetron/bumperbot_ws/install/bumperbot_cpp_example/share/bumperbot_cpp_example/package.sh'
[0.837s] INFO:colcon.colcon_core.shell:Creating package script '/home/mylovetron/bumperbot_ws/install/bumperbot_cpp_example/share/bumperbot_cpp_example/package.bash'
[0.838s] INFO:colcon.colcon_core.shell:Creating package script '/home/mylovetron/bumperbot_ws/install/bumperbot_cpp_example/share/bumperbot_cpp_example/package.zsh'
[0.839s] Level 1:colcon.colcon_core.environment:create_file_with_runtime_dependencies(/home/mylovetron/bumperbot_ws/install/bumperbot_cpp_example/share/colcon-core/packages/bumperbot_cpp_example)
[1.702s] DEBUG:colcon.colcon_core.event_handler.log_command:Invoking command in '/home/mylovetron/bumperbot_ws/src/bumperbot_py_example': DEBUGINFOD_URLS=https://debuginfod.ubuntu.com PYTHONPATH=/home/mylovetron/bumperbot_ws/build/bumperbot_py_example/prefix_override:/usr/lib/python3/dist-packages/colcon_core/task/python/colcon_distutils_commands:/home/mylovetron/bumperbot_ws/install/bumperbot_py_example/lib/python3.12/site-packages:${PYTHONPATH} /usr/bin/python3 -W ignore:setup.py install is deprecated -W ignore:easy_install command is deprecated setup.py egg_info --egg-base ../../build/bumperbot_py_example build --build-base /home/mylovetron/bumperbot_ws/build/bumperbot_py_example/build install --record /home/mylovetron/bumperbot_ws/build/bumperbot_py_example/install.log --single-version-externally-managed install_data
[2.585s] Level 1:colcon.colcon_core.environment:checking '/home/mylovetron/bumperbot_ws/install/bumperbot_py_example' for CMake module files
[2.586s] DEBUG:colcon.colcon_core.event_handler.log_command:Invoked command in '/home/mylovetron/bumperbot_ws/src/bumperbot_py_example' returned '0': DEBUGINFOD_URLS=https://debuginfod.ubuntu.com PYTHONPATH=/home/mylovetron/bumperbot_ws/build/bumperbot_py_example/prefix_override:/usr/lib/python3/dist-packages/colcon_core/task/python/colcon_distutils_commands:/home/mylovetron/bumperbot_ws/install/bumperbot_py_example/lib/python3.12/site-packages:${PYTHONPATH} /usr/bin/python3 -W ignore:setup.py install is deprecated -W ignore:easy_install command is deprecated setup.py egg_info --egg-base ../../build/bumperbot_py_example build --build-base /home/mylovetron/bumperbot_ws/build/bumperbot_py_example/build install --record /home/mylovetron/bumperbot_ws/build/bumperbot_py_example/install.log --single-version-externally-managed install_data
[2.587s] Level 1:colcon.colcon_core.environment:checking '/home/mylovetron/bumperbot_ws/install/bumperbot_py_example' for CMake config files
[2.587s] Level 1:colcon.colcon_core.environment:checking '/home/mylovetron/bumperbot_ws/install/bumperbot_py_example/lib'
[2.587s] Level 1:colcon.colcon_core.environment:checking '/home/mylovetron/bumperbot_ws/install/bumperbot_py_example/bin'
[2.588s] Level 1:colcon.colcon_core.environment:checking '/home/mylovetron/bumperbot_ws/install/bumperbot_py_example/lib/pkgconfig/bumperbot_py_example.pc'
[2.588s] Level 1:colcon.colcon_core.environment:checking '/home/mylovetron/bumperbot_ws/install/bumperbot_py_example/lib/python3.12/site-packages'
[2.588s] Level 1:colcon.colcon_core.shell:create_environment_hook('bumperbot_py_example', 'pythonpath')
[2.588s] INFO:colcon.colcon_core.shell:Creating environment hook '/home/mylovetron/bumperbot_ws/install/bumperbot_py_example/share/bumperbot_py_example/hook/pythonpath.ps1'
[2.590s] INFO:colcon.colcon_core.shell:Creating environment descriptor '/home/mylovetron/bumperbot_ws/install/bumperbot_py_example/share/bumperbot_py_example/hook/pythonpath.dsv'
[2.591s] INFO:colcon.colcon_core.shell:Creating environment hook '/home/mylovetron/bumperbot_ws/install/bumperbot_py_example/share/bumperbot_py_example/hook/pythonpath.sh'
[2.592s] Level 1:colcon.colcon_core.environment:checking '/home/mylovetron/bumperbot_ws/install/bumperbot_py_example/bin'
[2.592s] Level 1:colcon.colcon_core.environment:create_environment_scripts_only(bumperbot_py_example)
[2.592s] INFO:colcon.colcon_core.shell:Creating package script '/home/mylovetron/bumperbot_ws/install/bumperbot_py_example/share/bumperbot_py_example/package.ps1'
[2.593s] INFO:colcon.colcon_core.shell:Creating package descriptor '/home/mylovetron/bumperbot_ws/install/bumperbot_py_example/share/bumperbot_py_example/package.dsv'
[2.595s] INFO:colcon.colcon_core.shell:Creating package script '/home/mylovetron/bumperbot_ws/install/bumperbot_py_example/share/bumperbot_py_example/package.sh'
[2.596s] INFO:colcon.colcon_core.shell:Creating package script '/home/mylovetron/bumperbot_ws/install/bumperbot_py_example/share/bumperbot_py_example/package.bash'
[2.597s] INFO:colcon.colcon_core.shell:Creating package script '/home/mylovetron/bumperbot_ws/install/bumperbot_py_example/share/bumperbot_py_example/package.zsh'
[2.598s] Level 1:colcon.colcon_core.environment:create_file_with_runtime_dependencies(/home/mylovetron/bumperbot_ws/install/bumperbot_py_example/share/colcon-core/packages/bumperbot_py_example)
[2.598s] DEBUG:colcon.colcon_parallel_executor.executor.parallel:closing loop
[2.599s] DEBUG:colcon.colcon_parallel_executor.executor.parallel:loop closed
[2.599s] DEBUG:colcon.colcon_parallel_executor.executor.parallel:run_until_complete finished with '0'
[2.599s] DEBUG:colcon.colcon_core.event_reactor:joining thread
[2.608s] INFO:colcon.colcon_core.plugin_system:Skipping extension 'colcon_notification.desktop_notification.terminal_notifier': Not used on non-Darwin systems
[2.608s] INFO:colcon.colcon_core.plugin_system:Skipping extension 'colcon_notification.desktop_notification.win32': Not used on non-Windows systems
[2.608s] INFO:colcon.colcon_notification.desktop_notification:Sending desktop notification using 'notify2'
[2.635s] DEBUG:colcon.colcon_core.event_reactor:joined thread
[2.636s] INFO:colcon.colcon_core.shell:Creating prefix script '/home/mylovetron/bumperbot_ws/install/local_setup.ps1'
[2.638s] INFO:colcon.colcon_core.shell:Creating prefix util module '/home/mylovetron/bumperbot_ws/install/_local_setup_util_ps1.py'
[2.641s] INFO:colcon.colcon_core.shell:Creating prefix chain script '/home/mylovetron/bumperbot_ws/install/setup.ps1'
[2.643s] INFO:colcon.colcon_core.shell:Creating prefix script '/home/mylovetron/bumperbot_ws/install/local_setup.sh'
[2.644s] INFO:colcon.colcon_core.shell:Creating prefix util module '/home/mylovetron/bumperbot_ws/install/_local_setup_util_sh.py'
[2.645s] INFO:colcon.colcon_core.shell:Creating prefix chain script '/home/mylovetron/bumperbot_ws/install/setup.sh'
[2.647s] INFO:colcon.colcon_core.shell:Creating prefix script '/home/mylovetron/bumperbot_ws/install/local_setup.bash'
[2.649s] INFO:colcon.colcon_core.shell:Creating prefix chain script '/home/mylovetron/bumperbot_ws/install/setup.bash'
[2.650s] INFO:colcon.colcon_core.shell:Creating prefix script '/home/mylovetron/bumperbot_ws/install/local_setup.zsh'
[2.651s] INFO:colcon.colcon_core.shell:Creating prefix chain script '/home/mylovetron/bumperbot_ws/install/setup.zsh'
