[0.018s] Invoking command in '/home/mylovetron/bumperbot_ws/build/bumperbot_cpp_example': CMAKE_PREFIX_PATH=${CMAKE_PREFIX_PATH}:/opt/ros/jazzy:/home/mylovetron/bumperbot_ws/install/bumperbot_py_example DEBUGINFOD_URLS=https://debuginfod.ubuntu.com /usr/bin/cmake --build /home/mylovetron/bumperbot_ws/build/bumperbot_cpp_example -- -j16 -l16
[0.069s] [ 66%] Built target simple_subscriber
[0.069s] [ 66%] Built target simple_publisher
[0.073s] [ 83%] [32mBuilding CXX object CMakeFiles/simple_parameter.dir/src/simple_parameter.cpp.o[0m
[2.177s] [01m[K/home/mylovetron/bumperbot_ws/src/bumperbot_cpp_example/src/simple_parameter.cpp:[m[K In member function ‘[01m[Krcl_interfaces::msg::SetParametersResult SimpleParameter::[01;32m[KparamChangeCallback[m[K(const std::vector<rclcpp::Parameter>&)[m[K’:
[2.177s] [01m[K/home/mylovetron/bumperbot_ws/src/bumperbot_cpp_example/src/simple_parameter.cpp:40:8:[m[K [01;35m[Kwarning: [m[Kno return statement in function returning non-void [[01;35m[K]8;;https://gcc.gnu.org/onlinedocs/gcc/Warning-Options.html#index-Wreturn-type-Wreturn-type]8;;[m[K]
[2.177s]    40 |        [01;35m[K}[m[K
[2.177s]       |        [01;35m[K^[m[K
[2.994s] [100%] [32m[1mLinking CXX executable simple_parameter[0m
[3.102s] [100%] Built target simple_parameter
[3.112s] Invoked command in '/home/mylovetron/bumperbot_ws/build/bumperbot_cpp_example' returned '0': CMAKE_PREFIX_PATH=${CMAKE_PREFIX_PATH}:/opt/ros/jazzy:/home/mylovetron/bumperbot_ws/install/bumperbot_py_example DEBUGINFOD_URLS=https://debuginfod.ubuntu.com /usr/bin/cmake --build /home/mylovetron/bumperbot_ws/build/bumperbot_cpp_example -- -j16 -l16
[3.113s] Invoking command in '/home/mylovetron/bumperbot_ws/build/bumperbot_cpp_example': CMAKE_PREFIX_PATH=${CMAKE_PREFIX_PATH}:/opt/ros/jazzy:/home/mylovetron/bumperbot_ws/install/bumperbot_py_example DEBUGINFOD_URLS=https://debuginfod.ubuntu.com /usr/bin/cmake --install /home/mylovetron/bumperbot_ws/build/bumperbot_cpp_example
[3.121s] -- Install configuration: ""
[3.121s] -- Installing: /home/mylovetron/bumperbot_ws/install/bumperbot_cpp_example/lib/bumperbot_cpp_example/simple_publisher
[3.122s] -- Set non-toolchain portion of runtime path of "/home/mylovetron/bumperbot_ws/install/bumperbot_cpp_example/lib/bumperbot_cpp_example/simple_publisher" to ""
[3.122s] -- Installing: /home/mylovetron/bumperbot_ws/install/bumperbot_cpp_example/lib/bumperbot_cpp_example/simple_subscriber
[3.126s] -- Set non-toolchain portion of runtime path of "/home/mylovetron/bumperbot_ws/install/bumperbot_cpp_example/lib/bumperbot_cpp_example/simple_subscriber" to ""
[3.126s] -- Installing: /home/mylovetron/bumperbot_ws/install/bumperbot_cpp_example/lib/bumperbot_cpp_example/simple_parameter
[3.127s] -- Set non-toolchain portion of runtime path of "/home/mylovetron/bumperbot_ws/install/bumperbot_cpp_example/lib/bumperbot_cpp_example/simple_parameter" to ""
[3.127s] -- Installing: /home/mylovetron/bumperbot_ws/install/bumperbot_cpp_example/share/ament_index/resource_index/package_run_dependencies/bumperbot_cpp_example
[3.127s] -- Installing: /home/mylovetron/bumperbot_ws/install/bumperbot_cpp_example/share/ament_index/resource_index/parent_prefix_path/bumperbot_cpp_example
[3.127s] -- Installing: /home/mylovetron/bumperbot_ws/install/bumperbot_cpp_example/share/bumperbot_cpp_example/environment/ament_prefix_path.sh
[3.127s] -- Up-to-date: /home/mylovetron/bumperbot_ws/install/bumperbot_cpp_example/share/bumperbot_cpp_example/environment/ament_prefix_path.dsv
[3.127s] -- Installing: /home/mylovetron/bumperbot_ws/install/bumperbot_cpp_example/share/bumperbot_cpp_example/environment/path.sh
[3.127s] -- Up-to-date: /home/mylovetron/bumperbot_ws/install/bumperbot_cpp_example/share/bumperbot_cpp_example/environment/path.dsv
[3.127s] -- Up-to-date: /home/mylovetron/bumperbot_ws/install/bumperbot_cpp_example/share/bumperbot_cpp_example/local_setup.bash
[3.127s] -- Up-to-date: /home/mylovetron/bumperbot_ws/install/bumperbot_cpp_example/share/bumperbot_cpp_example/local_setup.sh
[3.128s] -- Up-to-date: /home/mylovetron/bumperbot_ws/install/bumperbot_cpp_example/share/bumperbot_cpp_example/local_setup.zsh
[3.128s] -- Up-to-date: /home/mylovetron/bumperbot_ws/install/bumperbot_cpp_example/share/bumperbot_cpp_example/local_setup.dsv
[3.128s] -- Installing: /home/mylovetron/bumperbot_ws/install/bumperbot_cpp_example/share/bumperbot_cpp_example/package.dsv
[3.128s] -- Up-to-date: /home/mylovetron/bumperbot_ws/install/bumperbot_cpp_example/share/ament_index/resource_index/packages/bumperbot_cpp_example
[3.128s] -- Up-to-date: /home/mylovetron/bumperbot_ws/install/bumperbot_cpp_example/share/bumperbot_cpp_example/cmake/bumperbot_cpp_exampleConfig.cmake
[3.128s] -- Up-to-date: /home/mylovetron/bumperbot_ws/install/bumperbot_cpp_example/share/bumperbot_cpp_example/cmake/bumperbot_cpp_exampleConfig-version.cmake
[3.128s] -- Installing: /home/mylovetron/bumperbot_ws/install/bumperbot_cpp_example/share/bumperbot_cpp_example/package.xml
[3.130s] Invoked command in '/home/mylovetron/bumperbot_ws/build/bumperbot_cpp_example' returned '0': CMAKE_PREFIX_PATH=${CMAKE_PREFIX_PATH}:/opt/ros/jazzy:/home/mylovetron/bumperbot_ws/install/bumperbot_py_example DEBUGINFOD_URLS=https://debuginfod.ubuntu.com /usr/bin/cmake --install /home/mylovetron/bumperbot_ws/build/bumperbot_cpp_example
