[0.015s] Invoking command in '/home/mylovetron/bumperbot_ws/build/bumperbot_description': CMAKE_PREFIX_PATH=${CMAKE_PREFIX_PATH}:/home/mylovetron/bumperbot_ws/install/bumperbot_py_example:/opt/ros/jazzy DEBUGINFOD_URLS=https://debuginfod.ubuntu.com /usr/bin/cmake --build /home/mylovetron/bumperbot_ws/build/bumperbot_description -- -j16 -l16
[0.251s] Invoked command in '/home/mylovetron/bumperbot_ws/build/bumperbot_description' returned '0': CMAKE_PREFIX_PATH=${CMAKE_PREFIX_PATH}:/home/mylovetron/bumperbot_ws/install/bumperbot_py_example:/opt/ros/jazzy DEBUGINFOD_URLS=https://debuginfod.ubuntu.com /usr/bin/cmake --build /home/mylovetron/bumperbot_ws/build/bumperbot_description -- -j16 -l16
[0.260s] Invoking command in '/home/mylovetron/bumperbot_ws/build/bumperbot_description': CMAKE_PREFIX_PATH=${CMAKE_PREFIX_PATH}:/home/mylovetron/bumperbot_ws/install/bumperbot_py_example:/opt/ros/jazzy DEBUGINFOD_URLS=https://debuginfod.ubuntu.com /usr/bin/cmake --install /home/mylovetron/bumperbot_ws/build/bumperbot_description
[0.267s] -- Install configuration: ""
[0.267s] -- Up-to-date: /home/mylovetron/bumperbot_ws/install/bumperbot_description/share/bumperbot_description/meshes
[0.267s] -- Up-to-date: /home/mylovetron/bumperbot_ws/install/bumperbot_description/share/bumperbot_description/meshes/wheel_left_link.STL
[0.268s] -- Up-to-date: /home/mylovetron/bumperbot_ws/install/bumperbot_description/share/bumperbot_description/meshes/caster_rear_link.STL
[0.268s] -- Up-to-date: /home/mylovetron/bumperbot_ws/install/bumperbot_description/share/bumperbot_description/meshes/wheel_right_link.STL
[0.268s] -- Up-to-date: /home/mylovetron/bumperbot_ws/install/bumperbot_description/share/bumperbot_description/meshes/imu_link.STL
[0.268s] -- Up-to-date: /home/mylovetron/bumperbot_ws/install/bumperbot_description/share/bumperbot_description/meshes/base_link.STL
[0.268s] -- Up-to-date: /home/mylovetron/bumperbot_ws/install/bumperbot_description/share/bumperbot_description/meshes/caster_front_link.STL
[0.268s] -- Up-to-date: /home/mylovetron/bumperbot_ws/install/bumperbot_description/share/bumperbot_description/urdf
[0.268s] -- Up-to-date: /home/mylovetron/bumperbot_ws/install/bumperbot_description/share/bumperbot_description/urdf/bumperbot.urdf.xacro
[0.268s] -- Up-to-date: /home/mylovetron/bumperbot_ws/install/bumperbot_description/share/bumperbot_description/launch
[0.268s] -- Up-to-date: /home/mylovetron/bumperbot_ws/install/bumperbot_description/share/bumperbot_description/launch/test.py
[0.268s] -- Installing: /home/mylovetron/bumperbot_ws/install/bumperbot_description/share/bumperbot_description/launch/display.launch.py
[0.268s] -- Up-to-date: /home/mylovetron/bumperbot_ws/install/bumperbot_description/share/bumperbot_description/launch/turtlesim_mimic_launch.py
[0.269s] -- Up-to-date: /home/mylovetron/bumperbot_ws/install/bumperbot_description/share/bumperbot_description/rviz
[0.269s] -- Up-to-date: /home/mylovetron/bumperbot_ws/install/bumperbot_description/share/bumperbot_description/rviz/display.rviz
[0.269s] -- Up-to-date: /home/mylovetron/bumperbot_ws/install/bumperbot_description/share/ament_index/resource_index/package_run_dependencies/bumperbot_description
[0.269s] -- Up-to-date: /home/mylovetron/bumperbot_ws/install/bumperbot_description/share/ament_index/resource_index/parent_prefix_path/bumperbot_description
[0.269s] -- Up-to-date: /home/mylovetron/bumperbot_ws/install/bumperbot_description/share/bumperbot_description/environment/ament_prefix_path.sh
[0.269s] -- Up-to-date: /home/mylovetron/bumperbot_ws/install/bumperbot_description/share/bumperbot_description/environment/ament_prefix_path.dsv
[0.269s] -- Up-to-date: /home/mylovetron/bumperbot_ws/install/bumperbot_description/share/bumperbot_description/environment/path.sh
[0.269s] -- Up-to-date: /home/mylovetron/bumperbot_ws/install/bumperbot_description/share/bumperbot_description/environment/path.dsv
[0.269s] -- Up-to-date: /home/mylovetron/bumperbot_ws/install/bumperbot_description/share/bumperbot_description/local_setup.bash
[0.269s] -- Up-to-date: /home/mylovetron/bumperbot_ws/install/bumperbot_description/share/bumperbot_description/local_setup.sh
[0.270s] -- Up-to-date: /home/mylovetron/bumperbot_ws/install/bumperbot_description/share/bumperbot_description/local_setup.zsh
[0.270s] -- Up-to-date: /home/mylovetron/bumperbot_ws/install/bumperbot_description/share/bumperbot_description/local_setup.dsv
[0.270s] -- Installing: /home/mylovetron/bumperbot_ws/install/bumperbot_description/share/bumperbot_description/package.dsv
[0.270s] -- Up-to-date: /home/mylovetron/bumperbot_ws/install/bumperbot_description/share/ament_index/resource_index/packages/bumperbot_description
[0.270s] -- Up-to-date: /home/mylovetron/bumperbot_ws/install/bumperbot_description/share/bumperbot_description/cmake/bumperbot_descriptionConfig.cmake
[0.270s] -- Up-to-date: /home/mylovetron/bumperbot_ws/install/bumperbot_description/share/bumperbot_description/cmake/bumperbot_descriptionConfig-version.cmake
[0.270s] -- Up-to-date: /home/mylovetron/bumperbot_ws/install/bumperbot_description/share/bumperbot_description/package.xml
[0.272s] Invoked command in '/home/mylovetron/bumperbot_ws/build/bumperbot_description' returned '0': CMAKE_PREFIX_PATH=${CMAKE_PREFIX_PATH}:/home/mylovetron/bumperbot_ws/install/bumperbot_py_example:/opt/ros/jazzy DEBUGINFOD_URLS=https://debuginfod.ubuntu.com /usr/bin/cmake --install /home/mylovetron/bumperbot_ws/build/bumperbot_description
