[0.031s] Invoking command in '/home/mylovetron/bumperbot_ws/build/bumperbot_description': CMAKE_PREFIX_PATH=${CMAKE_PREFIX_PATH}:/opt/ros/jazzy:/home/mylovetron/bumperbot_ws/install/bumperbot_py_example DEBUGINFOD_URLS=https://debuginfod.ubuntu.com /usr/bin/cmake --build /home/mylovetron/bumperbot_ws/build/bumperbot_description -- -j16 -l16
[0.052s] -- Found ament_cmake: 2.5.2 (/opt/ros/jazzy/share/ament_cmake/cmake)
[0.263s] -- Found ament_lint_auto: 0.17.1 (/opt/ros/jazzy/share/ament_lint_auto/cmake)
[0.358s] -- Added test 'lint_cmake' to check CMake code style
[0.360s] -- Added test 'xmllint' to check XML markup files
[0.361s] -- Configuring done (0.3s)
[0.365s] -- Generating done (0.0s)
[0.367s] -- Build files have been written to: /home/mylovetron/bumperbot_ws/build/bumperbot_description
[0.386s] Invoked command in '/home/mylovetron/bumperbot_ws/build/bumperbot_description' returned '0': CMAKE_PREFIX_PATH=${CMAKE_PREFIX_PATH}:/opt/ros/jazzy:/home/mylovetron/bumperbot_ws/install/bumperbot_py_example DEBUGINFOD_URLS=https://debuginfod.ubuntu.com /usr/bin/cmake --build /home/mylovetron/bumperbot_ws/build/bumperbot_description -- -j16 -l16
[0.394s] Invoking command in '/home/mylovetron/bumperbot_ws/build/bumperbot_description': CMAKE_PREFIX_PATH=${CMAKE_PREFIX_PATH}:/opt/ros/jazzy:/home/mylovetron/bumperbot_ws/install/bumperbot_py_example DEBUGINFOD_URLS=https://debuginfod.ubuntu.com /usr/bin/cmake --install /home/mylovetron/bumperbot_ws/build/bumperbot_description
[0.402s] -- Install configuration: ""
[0.402s] -- Up-to-date: /home/mylovetron/bumperbot_ws/install/bumperbot_description/share/bumperbot_description/meshes
[0.402s] -- Up-to-date: /home/mylovetron/bumperbot_ws/install/bumperbot_description/share/bumperbot_description/meshes/wheel_left_link.STL
[0.402s] -- Up-to-date: /home/mylovetron/bumperbot_ws/install/bumperbot_description/share/bumperbot_description/meshes/caster_rear_link.STL
[0.402s] -- Up-to-date: /home/mylovetron/bumperbot_ws/install/bumperbot_description/share/bumperbot_description/meshes/wheel_right_link.STL
[0.403s] -- Up-to-date: /home/mylovetron/bumperbot_ws/install/bumperbot_description/share/bumperbot_description/meshes/imu_link.STL
[0.403s] -- Up-to-date: /home/mylovetron/bumperbot_ws/install/bumperbot_description/share/bumperbot_description/meshes/base_link.STL
[0.403s] -- Up-to-date: /home/mylovetron/bumperbot_ws/install/bumperbot_description/share/bumperbot_description/meshes/caster_front_link.STL
[0.403s] -- Up-to-date: /home/mylovetron/bumperbot_ws/install/bumperbot_description/share/bumperbot_description/urdf
[0.403s] -- Up-to-date: /home/mylovetron/bumperbot_ws/install/bumperbot_description/share/bumperbot_description/urdf/bumperbot.urdf.xacro
[0.403s] -- Up-to-date: /home/mylovetron/bumperbot_ws/install/bumperbot_description/share/ament_index/resource_index/package_run_dependencies/bumperbot_description
[0.403s] -- Installing: /home/mylovetron/bumperbot_ws/install/bumperbot_description/share/ament_index/resource_index/parent_prefix_path/bumperbot_description
[0.403s] -- Installing: /home/mylovetron/bumperbot_ws/install/bumperbot_description/share/bumperbot_description/environment/ament_prefix_path.sh
[0.403s] -- Up-to-date: /home/mylovetron/bumperbot_ws/install/bumperbot_description/share/bumperbot_description/environment/ament_prefix_path.dsv
[0.403s] -- Installing: /home/mylovetron/bumperbot_ws/install/bumperbot_description/share/bumperbot_description/environment/path.sh
[0.403s] -- Up-to-date: /home/mylovetron/bumperbot_ws/install/bumperbot_description/share/bumperbot_description/environment/path.dsv
[0.403s] -- Up-to-date: /home/mylovetron/bumperbot_ws/install/bumperbot_description/share/bumperbot_description/local_setup.bash
[0.403s] -- Up-to-date: /home/mylovetron/bumperbot_ws/install/bumperbot_description/share/bumperbot_description/local_setup.sh
[0.404s] -- Up-to-date: /home/mylovetron/bumperbot_ws/install/bumperbot_description/share/bumperbot_description/local_setup.zsh
[0.404s] -- Up-to-date: /home/mylovetron/bumperbot_ws/install/bumperbot_description/share/bumperbot_description/local_setup.dsv
[0.404s] -- Up-to-date: /home/mylovetron/bumperbot_ws/install/bumperbot_description/share/bumperbot_description/package.dsv
[0.404s] -- Up-to-date: /home/mylovetron/bumperbot_ws/install/bumperbot_description/share/ament_index/resource_index/packages/bumperbot_description
[0.405s] -- Up-to-date: /home/mylovetron/bumperbot_ws/install/bumperbot_description/share/bumperbot_description/cmake/bumperbot_descriptionConfig.cmake
[0.405s] -- Up-to-date: /home/mylovetron/bumperbot_ws/install/bumperbot_description/share/bumperbot_description/cmake/bumperbot_descriptionConfig-version.cmake
[0.405s] -- Up-to-date: /home/mylovetron/bumperbot_ws/install/bumperbot_description/share/bumperbot_description/package.xml
[0.405s] Invoked command in '/home/mylovetron/bumperbot_ws/build/bumperbot_description' returned '0': CMAKE_PREFIX_PATH=${CMAKE_PREFIX_PATH}:/opt/ros/jazzy:/home/mylovetron/bumperbot_ws/install/bumperbot_py_example DEBUGINFOD_URLS=https://debuginfod.ubuntu.com /usr/bin/cmake --install /home/mylovetron/bumperbot_ws/build/bumperbot_description
