[1.993s] Invoking command in '/home/mylovetron/bumperbot_ws/src/bumperbot_py_example': DEBUGINFOD_URLS=https://debuginfod.ubuntu.com PYTHONPATH=/home/mylovetron/bumperbot_ws/build/bumperbot_py_example/prefix_override:/usr/lib/python3/dist-packages/colcon_core/task/python/colcon_distutils_commands:/home/mylovetron/bumperbot_ws/install/bumperbot_py_example/lib/python3.12/site-packages:${PYTHONPATH} /usr/bin/python3 -W ignore:setup.py install is deprecated -W ignore:easy_install command is deprecated setup.py egg_info --egg-base ../../build/bumperbot_py_example build --build-base /home/mylovetron/bumperbot_ws/build/bumperbot_py_example/build install --record /home/mylovetron/bumperbot_ws/build/bumperbot_py_example/install.log --single-version-externally-managed install_data
[2.409s] running egg_info
[2.410s] creating ../../build/bumperbot_py_example/bumperbot_py_example.egg-info
[2.442s] writing ../../build/bumperbot_py_example/bumperbot_py_example.egg-info/PKG-INFO
[2.443s] writing dependency_links to ../../build/bumperbot_py_example/bumperbot_py_example.egg-info/dependency_links.txt
[2.443s] writing requirements to ../../build/bumperbot_py_example/bumperbot_py_example.egg-info/requires.txt
[2.443s] writing top-level names to ../../build/bumperbot_py_example/bumperbot_py_example.egg-info/top_level.txt
[2.443s] writing manifest file '../../build/bumperbot_py_example/bumperbot_py_example.egg-info/SOURCES.txt'
[2.511s] reading manifest file '../../build/bumperbot_py_example/bumperbot_py_example.egg-info/SOURCES.txt'
[2.512s] writing manifest file '../../build/bumperbot_py_example/bumperbot_py_example.egg-info/SOURCES.txt'
[2.513s] running build
[2.514s] running build_py
[2.514s] creating /home/mylovetron/bumperbot_ws/build/bumperbot_py_example/build
[2.514s] creating /home/mylovetron/bumperbot_ws/build/bumperbot_py_example/build/lib
[2.515s] creating /home/mylovetron/bumperbot_ws/build/bumperbot_py_example/build/lib/bumperbot_py_example
[2.515s] copying bumperbot_py_example/__init__.py -> /home/mylovetron/bumperbot_ws/build/bumperbot_py_example/build/lib/bumperbot_py_example
[2.515s] running install
[2.525s] running install_lib
[2.556s] creating /home/mylovetron/bumperbot_ws/install/bumperbot_py_example/lib/python3.12/site-packages/bumperbot_py_example
[2.556s] copying /home/mylovetron/bumperbot_ws/build/bumperbot_py_example/build/lib/bumperbot_py_example/__init__.py -> /home/mylovetron/bumperbot_ws/install/bumperbot_py_example/lib/python3.12/site-packages/bumperbot_py_example
[2.557s] byte-compiling /home/mylovetron/bumperbot_ws/install/bumperbot_py_example/lib/python3.12/site-packages/bumperbot_py_example/__init__.py to __init__.cpython-312.pyc
[2.557s] running install_data
[2.558s] creating /home/mylovetron/bumperbot_ws/install/bumperbot_py_example/share/ament_index
[2.558s] creating /home/mylovetron/bumperbot_ws/install/bumperbot_py_example/share/ament_index/resource_index
[2.558s] creating /home/mylovetron/bumperbot_ws/install/bumperbot_py_example/share/ament_index/resource_index/packages
[2.558s] copying resource/bumperbot_py_example -> /home/mylovetron/bumperbot_ws/install/bumperbot_py_example/share/ament_index/resource_index/packages
[2.561s] copying package.xml -> /home/mylovetron/bumperbot_ws/install/bumperbot_py_example/share/bumperbot_py_example
[2.561s] running install_egg_info
[2.595s] Copying ../../build/bumperbot_py_example/bumperbot_py_example.egg-info to /home/mylovetron/bumperbot_ws/install/bumperbot_py_example/lib/python3.12/site-packages/bumperbot_py_example-0.0.0-py3.12.egg-info
[2.597s] running install_scripts
[2.857s] writing list of installed files to '/home/mylovetron/bumperbot_ws/build/bumperbot_py_example/install.log'
[2.913s] Invoked command in '/home/mylovetron/bumperbot_ws/src/bumperbot_py_example' returned '0': DEBUGINFOD_URLS=https://debuginfod.ubuntu.com PYTHONPATH=/home/mylovetron/bumperbot_ws/build/bumperbot_py_example/prefix_override:/usr/lib/python3/dist-packages/colcon_core/task/python/colcon_distutils_commands:/home/mylovetron/bumperbot_ws/install/bumperbot_py_example/lib/python3.12/site-packages:${PYTHONPATH} /usr/bin/python3 -W ignore:setup.py install is deprecated -W ignore:easy_install command is deprecated setup.py egg_info --egg-base ../../build/bumperbot_py_example build --build-base /home/mylovetron/bumperbot_ws/build/bumperbot_py_example/build install --record /home/mylovetron/bumperbot_ws/build/bumperbot_py_example/install.log --single-version-externally-managed install_data
