[0.073s] Invoking command in '/home/mylovetron/bumperbot_ws/build/bumperbot_cpp_example': CMAKE_PREFIX_PATH=${CMAKE_PREFIX_PATH}:/home/mylovetron/bumperbot_ws/install/bumperbot_py_example:/opt/ros/jazzy DEBUGINFOD_URLS=https://debuginfod.ubuntu.com /usr/bin/cmake --build /home/mylovetron/bumperbot_ws/build/bumperbot_cpp_example -- -j4 -l4
[0.112s] -- Found ament_cmake: 2.5.2 (/opt/ros/jazzy/share/ament_cmake/cmake)
[0.405s] -- Found rclcpp: 28.1.5 (/opt/ros/jazzy/share/rclcpp/cmake)
[0.409s] -- Found rosidl_generator_c: 4.6.4 (/opt/ros/jazzy/share/rosidl_generator_c/cmake)
[0.423s] -- Found rosidl_generator_cpp: 4.6.4 (/opt/ros/jazzy/share/rosidl_generator_cpp/cmake)
[0.450s] -- Using all available rosidl_typesupport_c: rosidl_typesupport_fastrtps_c;rosidl_typesupport_introspection_c
[0.455s] -- Using all available rosidl_typesupport_cpp: rosidl_typesupport_fastrtps_cpp;rosidl_typesupport_introspection_cpp
[0.548s] -- Found rmw_implementation_cmake: 7.3.1 (/opt/ros/jazzy/share/rmw_implementation_cmake/cmake)
[0.550s] -- Found rmw_fastrtps_cpp: 8.4.1 (/opt/ros/jazzy/share/rmw_fastrtps_cpp/cmake)
[0.639s] -- Using RMW implementation 'rmw_fastrtps_cpp' as default
[0.726s] -- Found std_msgs: 5.3.5 (/opt/ros/jazzy/share/std_msgs/cmake)
[0.747s] -- Found ament_lint_auto: 0.17.1 (/opt/ros/jazzy/share/ament_lint_auto/cmake)
[0.886s] -- Added test 'cppcheck' to perform static code analysis on C / C++ code
[0.886s] -- Configured cppcheck include dirs: 
[0.886s] -- Configured cppcheck exclude dirs and/or files: 
[0.887s] -- Added test 'lint_cmake' to check CMake code style
[0.888s] -- Added test 'uncrustify' to check C / C++ code style
[0.888s] -- Configured uncrustify additional arguments: 
[0.889s] -- Added test 'xmllint' to check XML markup files
[0.890s] -- Configuring done (0.8s)
[0.915s] -- Generating done (0.0s)
[0.926s] -- Build files have been written to: /home/mylovetron/bumperbot_ws/build/bumperbot_cpp_example
[1.010s] [ 25%] [32mBuilding CXX object CMakeFiles/simple_subscriber.dir/src/simple_subscriber.cpp.o[0m
[1.025s] [ 50%] [32mBuilding CXX object CMakeFiles/simple_publisher.dir/src/simple_publisher.cpp.o[0m
[8.624s] [ 75%] [32m[1mLinking CXX executable simple_publisher[0m
[8.884s] [ 75%] Built target simple_publisher
[13.701s] [100%] [32m[1mLinking CXX executable simple_subscriber[0m
[14.055s] [100%] Built target simple_subscriber
[14.075s] Invoked command in '/home/mylovetron/bumperbot_ws/build/bumperbot_cpp_example' returned '0': CMAKE_PREFIX_PATH=${CMAKE_PREFIX_PATH}:/home/mylovetron/bumperbot_ws/install/bumperbot_py_example:/opt/ros/jazzy DEBUGINFOD_URLS=https://debuginfod.ubuntu.com /usr/bin/cmake --build /home/mylovetron/bumperbot_ws/build/bumperbot_cpp_example -- -j4 -l4
[14.093s] Invoking command in '/home/mylovetron/bumperbot_ws/build/bumperbot_cpp_example': CMAKE_PREFIX_PATH=${CMAKE_PREFIX_PATH}:/home/mylovetron/bumperbot_ws/install/bumperbot_py_example:/opt/ros/jazzy DEBUGINFOD_URLS=https://debuginfod.ubuntu.com /usr/bin/cmake --install /home/mylovetron/bumperbot_ws/build/bumperbot_cpp_example
[14.108s] -- Install configuration: ""
[14.108s] -- Installing: /home/mylovetron/bumperbot_ws/install/bumperbot_cpp_example/lib/bumperbot_cpp_example/simple_publisher
[14.110s] -- Set non-toolchain portion of runtime path of "/home/mylovetron/bumperbot_ws/install/bumperbot_cpp_example/lib/bumperbot_cpp_example/simple_publisher" to ""
[14.110s] -- Installing: /home/mylovetron/bumperbot_ws/install/bumperbot_cpp_example/lib/bumperbot_cpp_example/simple_subscriber
[14.114s] -- Set non-toolchain portion of runtime path of "/home/mylovetron/bumperbot_ws/install/bumperbot_cpp_example/lib/bumperbot_cpp_example/simple_subscriber" to ""
[14.114s] -- Up-to-date: /home/mylovetron/bumperbot_ws/install/bumperbot_cpp_example/share/ament_index/resource_index/package_run_dependencies/bumperbot_cpp_example
[14.114s] -- Installing: /home/mylovetron/bumperbot_ws/install/bumperbot_cpp_example/share/ament_index/resource_index/parent_prefix_path/bumperbot_cpp_example
[14.115s] -- Up-to-date: /home/mylovetron/bumperbot_ws/install/bumperbot_cpp_example/share/bumperbot_cpp_example/environment/ament_prefix_path.sh
[14.115s] -- Up-to-date: /home/mylovetron/bumperbot_ws/install/bumperbot_cpp_example/share/bumperbot_cpp_example/environment/ament_prefix_path.dsv
[14.115s] -- Up-to-date: /home/mylovetron/bumperbot_ws/install/bumperbot_cpp_example/share/bumperbot_cpp_example/environment/path.sh
[14.115s] -- Up-to-date: /home/mylovetron/bumperbot_ws/install/bumperbot_cpp_example/share/bumperbot_cpp_example/environment/path.dsv
[14.115s] -- Up-to-date: /home/mylovetron/bumperbot_ws/install/bumperbot_cpp_example/share/bumperbot_cpp_example/local_setup.bash
[14.116s] -- Up-to-date: /home/mylovetron/bumperbot_ws/install/bumperbot_cpp_example/share/bumperbot_cpp_example/local_setup.sh
[14.116s] -- Up-to-date: /home/mylovetron/bumperbot_ws/install/bumperbot_cpp_example/share/bumperbot_cpp_example/local_setup.zsh
[14.116s] -- Up-to-date: /home/mylovetron/bumperbot_ws/install/bumperbot_cpp_example/share/bumperbot_cpp_example/local_setup.dsv
[14.116s] -- Installing: /home/mylovetron/bumperbot_ws/install/bumperbot_cpp_example/share/bumperbot_cpp_example/package.dsv
[14.116s] -- Up-to-date: /home/mylovetron/bumperbot_ws/install/bumperbot_cpp_example/share/ament_index/resource_index/packages/bumperbot_cpp_example
[14.116s] -- Up-to-date: /home/mylovetron/bumperbot_ws/install/bumperbot_cpp_example/share/bumperbot_cpp_example/cmake/bumperbot_cpp_exampleConfig.cmake
[14.116s] -- Up-to-date: /home/mylovetron/bumperbot_ws/install/bumperbot_cpp_example/share/bumperbot_cpp_example/cmake/bumperbot_cpp_exampleConfig-version.cmake
[14.116s] -- Up-to-date: /home/mylovetron/bumperbot_ws/install/bumperbot_cpp_example/share/bumperbot_cpp_example/package.xml
[14.121s] Invoked command in '/home/mylovetron/bumperbot_ws/build/bumperbot_cpp_example' returned '0': CMAKE_PREFIX_PATH=${CMAKE_PREFIX_PATH}:/home/mylovetron/bumperbot_ws/install/bumperbot_py_example:/opt/ros/jazzy DEBUGINFOD_URLS=https://debuginfod.ubuntu.com /usr/bin/cmake --install /home/mylovetron/bumperbot_ws/build/bumperbot_cpp_example
