[1.040s] DEBUG:colcon:Command line arguments: ['/usr/bin/colcon', 'list', '-p', '--base-paths', '/home/mylovetron/bumperbot_ws']
[1.040s] DEBUG:colcon:Parsed command line arguments: Namespace(log_base=None, log_level=None, verb_name='list', build_base='build', ignore_user_meta=False, metas=['./colcon.meta'], base_paths=['/home/mylovetron/bumperbot_ws'], packages_ignore=None, packages_ignore_regex=None, paths=None, packages_up_to=None, packages_up_to_regex=None, packages_above=None, packages_above_and_dependencies=None, packages_above_depth=None, packages_select_by_dep=None, packages_skip_by_dep=None, packages_skip_up_to=None, packages_select_build_failed=False, packages_skip_build_finished=False, packages_select_test_failures=False, packages_skip_test_passed=False, packages_select=None, packages_skip=None, packages_select_regex=None, packages_skip_regex=None, packages_start=None, packages_end=None, allow_overriding=[], topological_order=False, names_only=False, paths_only=True, topological_graph=False, topological_graph_dot=False, topological_graph_density=False, topological_graph_legend=False, topological_graph_dot_cluster=False, topological_graph_dot_include_skipped=False, mixin_files=None, mixin=None, verb_parser=<colcon_mixin.mixin.mixin_argument.MixinArgumentDecorator object at 0x70c6c50a4aa0>, verb_extension=<colcon_package_information.verb.list.ListVerb object at 0x70c6c506bbf0>, main=<bound method ListVerb.main of <colcon_package_information.verb.list.ListVerb object at 0x70c6c506bbf0>>, mixin_verb=('list',))
[1.734s] Level 1:colcon.colcon_core.package_discovery:discover_packages(colcon_meta) check parameters
[1.736s] Level 1:colcon.colcon_core.package_discovery:discover_packages(recursive) check parameters
[1.736s] Level 1:colcon.colcon_core.package_discovery:discover_packages(ignore) check parameters
[1.736s] Level 1:colcon.colcon_core.package_discovery:discover_packages(path) check parameters
[1.736s] Level 1:colcon.colcon_core.package_discovery:discover_packages(recursive) discover
[1.736s] INFO:colcon.colcon_core.package_discovery:Crawling recursively for packages in '/home/mylovetron/bumperbot_ws'
[1.736s] Level 1:colcon.colcon_core.package_identification:_identify(/home/mylovetron/bumperbot_ws) by extensions ['ignore', 'ignore_ament_install']
[1.736s] Level 1:colcon.colcon_core.package_identification:_identify(/home/mylovetron/bumperbot_ws) by extension 'ignore'
[1.736s] Level 1:colcon.colcon_core.package_identification:_identify(/home/mylovetron/bumperbot_ws) by extension 'ignore_ament_install'
[1.736s] Level 1:colcon.colcon_core.package_identification:_identify(/home/mylovetron/bumperbot_ws) by extensions ['colcon_pkg']
[1.741s] Level 1:colcon.colcon_core.package_identification:_identify(/home/mylovetron/bumperbot_ws) by extension 'colcon_pkg'
[1.742s] Level 1:colcon.colcon_core.package_identification:_identify(/home/mylovetron/bumperbot_ws) by extensions ['colcon_meta']
[1.742s] Level 1:colcon.colcon_core.package_identification:_identify(/home/mylovetron/bumperbot_ws) by extension 'colcon_meta'
[1.742s] Level 1:colcon.colcon_core.package_identification:_identify(/home/mylovetron/bumperbot_ws) by extensions ['ros']
[1.742s] Level 1:colcon.colcon_core.package_identification:_identify(/home/mylovetron/bumperbot_ws) by extension 'ros'
[1.930s] Level 1:colcon.colcon_core.package_identification:_identify(/home/mylovetron/bumperbot_ws) by extensions ['cmake', 'python']
[1.930s] Level 1:colcon.colcon_core.package_identification:_identify(/home/mylovetron/bumperbot_ws) by extension 'cmake'
[1.930s] Level 1:colcon.colcon_core.package_identification:_identify(/home/mylovetron/bumperbot_ws) by extension 'python'
[1.930s] Level 1:colcon.colcon_core.package_identification:_identify(/home/mylovetron/bumperbot_ws) by extensions ['python_setup_py']
[1.930s] Level 1:colcon.colcon_core.package_identification:_identify(/home/mylovetron/bumperbot_ws) by extension 'python_setup_py'
[1.941s] Level 1:colcon.colcon_core.package_identification:_identify(/home/mylovetron/bumperbot_ws/build) by extensions ['ignore', 'ignore_ament_install']
[1.941s] Level 1:colcon.colcon_core.package_identification:_identify(/home/mylovetron/bumperbot_ws/build) by extension 'ignore'
[1.941s] Level 1:colcon.colcon_core.package_identification:_identify(/home/mylovetron/bumperbot_ws/build) ignored
[1.942s] Level 1:colcon.colcon_core.package_identification:_identify(/home/mylovetron/bumperbot_ws/install) by extensions ['ignore', 'ignore_ament_install']
[1.942s] Level 1:colcon.colcon_core.package_identification:_identify(/home/mylovetron/bumperbot_ws/install) by extension 'ignore'
[1.942s] Level 1:colcon.colcon_core.package_identification:_identify(/home/mylovetron/bumperbot_ws/install) ignored
[1.942s] Level 1:colcon.colcon_core.package_identification:_identify(/home/mylovetron/bumperbot_ws/log) by extensions ['ignore', 'ignore_ament_install']
[1.942s] Level 1:colcon.colcon_core.package_identification:_identify(/home/mylovetron/bumperbot_ws/log) by extension 'ignore'
[1.942s] Level 1:colcon.colcon_core.package_identification:_identify(/home/mylovetron/bumperbot_ws/log) ignored
[1.942s] Level 1:colcon.colcon_core.package_identification:_identify(/home/mylovetron/bumperbot_ws/src) by extensions ['ignore', 'ignore_ament_install']
[1.942s] Level 1:colcon.colcon_core.package_identification:_identify(/home/mylovetron/bumperbot_ws/src) by extension 'ignore'
[1.942s] Level 1:colcon.colcon_core.package_identification:_identify(/home/mylovetron/bumperbot_ws/src) by extension 'ignore_ament_install'
[1.943s] Level 1:colcon.colcon_core.package_identification:_identify(/home/mylovetron/bumperbot_ws/src) by extensions ['colcon_pkg']
[1.943s] Level 1:colcon.colcon_core.package_identification:_identify(/home/mylovetron/bumperbot_ws/src) by extension 'colcon_pkg'
[1.943s] Level 1:colcon.colcon_core.package_identification:_identify(/home/mylovetron/bumperbot_ws/src) by extensions ['colcon_meta']
[1.943s] Level 1:colcon.colcon_core.package_identification:_identify(/home/mylovetron/bumperbot_ws/src) by extension 'colcon_meta'
[1.943s] Level 1:colcon.colcon_core.package_identification:_identify(/home/mylovetron/bumperbot_ws/src) by extensions ['ros']
[1.943s] Level 1:colcon.colcon_core.package_identification:_identify(/home/mylovetron/bumperbot_ws/src) by extension 'ros'
[1.943s] Level 1:colcon.colcon_core.package_identification:_identify(/home/mylovetron/bumperbot_ws/src) by extensions ['cmake', 'python']
[1.943s] Level 1:colcon.colcon_core.package_identification:_identify(/home/mylovetron/bumperbot_ws/src) by extension 'cmake'
[1.943s] Level 1:colcon.colcon_core.package_identification:_identify(/home/mylovetron/bumperbot_ws/src) by extension 'python'
[1.943s] Level 1:colcon.colcon_core.package_identification:_identify(/home/mylovetron/bumperbot_ws/src) by extensions ['python_setup_py']
[1.943s] Level 1:colcon.colcon_core.package_identification:_identify(/home/mylovetron/bumperbot_ws/src) by extension 'python_setup_py'
[1.943s] Level 1:colcon.colcon_core.package_identification:_identify(/home/mylovetron/bumperbot_ws/src/bumperbot_cpp_example) by extensions ['ignore', 'ignore_ament_install']
[1.943s] Level 1:colcon.colcon_core.package_identification:_identify(/home/mylovetron/bumperbot_ws/src/bumperbot_cpp_example) by extension 'ignore'
[1.943s] Level 1:colcon.colcon_core.package_identification:_identify(/home/mylovetron/bumperbot_ws/src/bumperbot_cpp_example) by extension 'ignore_ament_install'
[1.943s] Level 1:colcon.colcon_core.package_identification:_identify(/home/mylovetron/bumperbot_ws/src/bumperbot_cpp_example) by extensions ['colcon_pkg']
[1.943s] Level 1:colcon.colcon_core.package_identification:_identify(/home/mylovetron/bumperbot_ws/src/bumperbot_cpp_example) by extension 'colcon_pkg'
[1.943s] Level 1:colcon.colcon_core.package_identification:_identify(/home/mylovetron/bumperbot_ws/src/bumperbot_cpp_example) by extensions ['colcon_meta']
[1.943s] Level 1:colcon.colcon_core.package_identification:_identify(/home/mylovetron/bumperbot_ws/src/bumperbot_cpp_example) by extension 'colcon_meta'
[1.944s] Level 1:colcon.colcon_core.package_identification:_identify(/home/mylovetron/bumperbot_ws/src/bumperbot_cpp_example) by extensions ['ros']
[1.944s] Level 1:colcon.colcon_core.package_identification:_identify(/home/mylovetron/bumperbot_ws/src/bumperbot_cpp_example) by extension 'ros'
[1.972s] DEBUG:colcon.colcon_core.package_identification:Package '/home/mylovetron/bumperbot_ws/src/bumperbot_cpp_example' with type 'ros.ament_cmake' and name 'bumperbot_cpp_example'
[1.973s] Level 1:colcon.colcon_core.package_identification:_identify(/home/mylovetron/bumperbot_ws/src/bumperbot_py_example) by extensions ['ignore', 'ignore_ament_install']
[1.973s] Level 1:colcon.colcon_core.package_identification:_identify(/home/mylovetron/bumperbot_ws/src/bumperbot_py_example) by extension 'ignore'
[1.973s] Level 1:colcon.colcon_core.package_identification:_identify(/home/mylovetron/bumperbot_ws/src/bumperbot_py_example) by extension 'ignore_ament_install'
[1.973s] Level 1:colcon.colcon_core.package_identification:_identify(/home/mylovetron/bumperbot_ws/src/bumperbot_py_example) by extensions ['colcon_pkg']
[1.995s] Level 1:colcon.colcon_core.package_identification:_identify(/home/mylovetron/bumperbot_ws/src/bumperbot_py_example) by extension 'colcon_pkg'
[1.995s] Level 1:colcon.colcon_core.package_identification:_identify(/home/mylovetron/bumperbot_ws/src/bumperbot_py_example) by extensions ['colcon_meta']
[1.995s] Level 1:colcon.colcon_core.package_identification:_identify(/home/mylovetron/bumperbot_ws/src/bumperbot_py_example) by extension 'colcon_meta'
[1.995s] Level 1:colcon.colcon_core.package_identification:_identify(/home/mylovetron/bumperbot_ws/src/bumperbot_py_example) by extensions ['ros']
[1.995s] Level 1:colcon.colcon_core.package_identification:_identify(/home/mylovetron/bumperbot_ws/src/bumperbot_py_example) by extension 'ros'
[2.002s] DEBUG:colcon.colcon_core.package_identification:Package '/home/mylovetron/bumperbot_ws/src/bumperbot_py_example' with type 'ros.ament_python' and name 'bumperbot_py_example'
[2.002s] Level 1:colcon.colcon_core.package_discovery:discover_packages(recursive) using defaults
