[0.027s] Invoking command in '/home/mylovetron/bumperbot_ws/build/bumperbot_cpp_example': CMAKE_PREFIX_PATH=${CMAKE_PREFIX_PATH}:/home/mylovetron/bumperbot_ws/install/bumperbot_py_example:/opt/ros/jazzy DEBUGINFOD_URLS=https://debuginfod.ubuntu.com /usr/bin/cmake --build /home/mylovetron/bumperbot_ws/build/bumperbot_cpp_example -- -j4 -l4
[0.367s] -- Found ament_cmake: 2.5.2 (/opt/ros/jazzy/share/ament_cmake/cmake)
[0.402s] -- Found rclcpp: 28.1.5 (/opt/ros/jazzy/share/rclcpp/cmake)
[0.447s] -- Found rosidl_generator_c: 4.6.4 (/opt/ros/jazzy/share/rosidl_generator_c/cmake)
[0.458s] -- Found rosidl_generator_cpp: 4.6.4 (/opt/ros/jazzy/share/rosidl_generator_cpp/cmake)
[0.470s] -- Using all available rosidl_typesupport_c: rosidl_typesupport_fastrtps_c;rosidl_typesupport_introspection_c
[0.486s] -- Using all available rosidl_typesupport_cpp: rosidl_typesupport_fastrtps_cpp;rosidl_typesupport_introspection_cpp
[0.558s] -- Found rmw_implementation_cmake: 7.3.1 (/opt/ros/jazzy/share/rmw_implementation_cmake/cmake)
[0.560s] -- Found rmw_fastrtps_cpp: 8.4.1 (/opt/ros/jazzy/share/rmw_fastrtps_cpp/cmake)
[0.638s] -- Using RMW implementation 'rmw_fastrtps_cpp' as default
[0.715s] -- Found std_msgs: 5.3.5 (/opt/ros/jazzy/share/std_msgs/cmake)
[0.732s] [31mCMake Error at CMakeLists.txt:16 (add_executable):
[0.732s]   add_executable cannot create target "simple_publisher" because another
[0.732s]   target with the same name already exists.  The existing target is an
[0.732s]   executable created in source directory
[0.732s]   "/home/mylovetron/bumperbot_ws/src/bumperbot_cpp_example".  See
[0.733s]   documentation for policy CMP0002 for more details.
[0.733s] 
[0.733s] [0m
[0.733s] [31mCMake Error at /opt/ros/jazzy/share/ament_cmake_target_dependencies/cmake/ament_target_dependencies.cmake:42 (message):
[0.733s]   ament_target_dependencies() the first argument must be a valid target name
[0.733s] Call Stack (most recent call first):
[0.733s]   CMakeLists.txt:17 (ament_target_dependencies)
[0.733s] 
[0.733s] [0m
[0.733s] -- Configuring incomplete, errors occurred!
[0.764s] gmake: *** [Makefile:267: cmake_check_build_system] Error 1
[0.767s] Invoked command in '/home/mylovetron/bumperbot_ws/build/bumperbot_cpp_example' returned '2': CMAKE_PREFIX_PATH=${CMAKE_PREFIX_PATH}:/home/mylovetron/bumperbot_ws/install/bumperbot_py_example:/opt/ros/jazzy DEBUGINFOD_URLS=https://debuginfod.ubuntu.com /usr/bin/cmake --build /home/mylovetron/bumperbot_ws/build/bumperbot_cpp_example -- -j4 -l4
