[0.049s] Invoking command in '/home/mylovetron/bumperbot_ws/build/bumperbot_description': CMAKE_PREFIX_PATH=${CMAKE_PREFIX_PATH}:/opt/ros/jazzy DEBUGINFOD_URLS=https://debuginfod.ubuntu.com /usr/bin/cmake /home/mylovetron/bumperbot_ws/src/bumperbot_description -DCMAKE_INSTALL_PREFIX=/home/mylovetron/bumperbot_ws/install/bumperbot_description
[0.449s] -- The C compiler identification is GNU 13.3.0
[0.449s] -- The CXX compiler identification is GNU 13.3.0
[0.450s] -- Detecting C compiler ABI info
[0.560s] -- Detecting C compiler ABI info - done
[0.610s] -- Check for working C compiler: /usr/bin/cc - skipped
[0.611s] -- Detecting C compile features
[0.611s] -- Detecting C compile features - done
[0.611s] -- Detecting CXX compiler ABI info
[0.792s] -- Detecting CXX compiler ABI info - done
[0.805s] -- Check for working CXX compiler: /usr/bin/c++ - skipped
[0.806s] -- Detecting CXX compile features
[0.807s] -- Detecting CXX compile features - done
[0.899s] -- Found ament_cmake: 2.5.2 (/opt/ros/jazzy/share/ament_cmake/cmake)
[1.142s] -- Found Python3: /usr/bin/python3 (found version "3.12.3") found components: Interpreter 
[1.330s] -- Found ament_lint_auto: 0.17.1 (/opt/ros/jazzy/share/ament_lint_auto/cmake)
[1.500s] -- Added test 'lint_cmake' to check CMake code style
[1.504s] -- Added test 'xmllint' to check XML markup files
[1.505s] -- Configuring done (1.4s)
[1.510s] -- Generating done (0.0s)
[1.514s] -- Build files have been written to: /home/mylovetron/bumperbot_ws/build/bumperbot_description
[1.524s] Invoked command in '/home/mylovetron/bumperbot_ws/build/bumperbot_description' returned '0': CMAKE_PREFIX_PATH=${CMAKE_PREFIX_PATH}:/opt/ros/jazzy DEBUGINFOD_URLS=https://debuginfod.ubuntu.com /usr/bin/cmake /home/mylovetron/bumperbot_ws/src/bumperbot_description -DCMAKE_INSTALL_PREFIX=/home/mylovetron/bumperbot_ws/install/bumperbot_description
[1.525s] Invoking command in '/home/mylovetron/bumperbot_ws/build/bumperbot_description': CMAKE_PREFIX_PATH=${CMAKE_PREFIX_PATH}:/opt/ros/jazzy DEBUGINFOD_URLS=https://debuginfod.ubuntu.com /usr/bin/cmake --build /home/mylovetron/bumperbot_ws/build/bumperbot_description -- -j4 -l4
[1.594s] Invoked command in '/home/mylovetron/bumperbot_ws/build/bumperbot_description' returned '0': CMAKE_PREFIX_PATH=${CMAKE_PREFIX_PATH}:/opt/ros/jazzy DEBUGINFOD_URLS=https://debuginfod.ubuntu.com /usr/bin/cmake --build /home/mylovetron/bumperbot_ws/build/bumperbot_description -- -j4 -l4
[1.596s] Invoking command in '/home/mylovetron/bumperbot_ws/build/bumperbot_description': CMAKE_PREFIX_PATH=${CMAKE_PREFIX_PATH}:/opt/ros/jazzy DEBUGINFOD_URLS=https://debuginfod.ubuntu.com /usr/bin/cmake --install /home/mylovetron/bumperbot_ws/build/bumperbot_description
[1.608s] -- Install configuration: ""
[1.609s] -- Installing: /home/mylovetron/bumperbot_ws/install/bumperbot_description/share/ament_index/resource_index/package_run_dependencies/bumperbot_description
[1.609s] -- Installing: /home/mylovetron/bumperbot_ws/install/bumperbot_description/share/ament_index/resource_index/parent_prefix_path/bumperbot_description
[1.610s] -- Installing: /home/mylovetron/bumperbot_ws/install/bumperbot_description/share/bumperbot_description/environment/ament_prefix_path.sh
[1.611s] -- Installing: /home/mylovetron/bumperbot_ws/install/bumperbot_description/share/bumperbot_description/environment/ament_prefix_path.dsv
[1.611s] -- Installing: /home/mylovetron/bumperbot_ws/install/bumperbot_description/share/bumperbot_description/environment/path.sh
[1.611s] -- Installing: /home/mylovetron/bumperbot_ws/install/bumperbot_description/share/bumperbot_description/environment/path.dsv
[1.612s] -- Installing: /home/mylovetron/bumperbot_ws/install/bumperbot_description/share/bumperbot_description/local_setup.bash
[1.612s] -- Installing: /home/mylovetron/bumperbot_ws/install/bumperbot_description/share/bumperbot_description/local_setup.sh
[1.613s] -- Installing: /home/mylovetron/bumperbot_ws/install/bumperbot_description/share/bumperbot_description/local_setup.zsh
[1.613s] -- Installing: /home/mylovetron/bumperbot_ws/install/bumperbot_description/share/bumperbot_description/local_setup.dsv
[1.614s] -- Installing: /home/mylovetron/bumperbot_ws/install/bumperbot_description/share/bumperbot_description/package.dsv
[1.615s] -- Installing: /home/mylovetron/bumperbot_ws/install/bumperbot_description/share/ament_index/resource_index/packages/bumperbot_description
[1.615s] -- Installing: /home/mylovetron/bumperbot_ws/install/bumperbot_description/share/bumperbot_description/cmake/bumperbot_descriptionConfig.cmake
[1.615s] -- Installing: /home/mylovetron/bumperbot_ws/install/bumperbot_description/share/bumperbot_description/cmake/bumperbot_descriptionConfig-version.cmake
[1.615s] -- Installing: /home/mylovetron/bumperbot_ws/install/bumperbot_description/share/bumperbot_description/package.xml
[1.618s] Invoked command in '/home/mylovetron/bumperbot_ws/build/bumperbot_description' returned '0': CMAKE_PREFIX_PATH=${CMAKE_PREFIX_PATH}:/opt/ros/jazzy DEBUGINFOD_URLS=https://debuginfod.ubuntu.com /usr/bin/cmake --install /home/mylovetron/bumperbot_ws/build/bumperbot_description
